[train: 1, 1 / 60000] FPS: 0.3 (0.3)  ,  DataTime: 0.016 (0.001)  ,  ForwardTime: 3.114  ,  TotalTime: 3.131  ,  Loss/total: 0.57302  ,  Loss/giou: 0.21243  ,  Loss/l1: 0.01408  ,  Loss/location: 0.07777  ,  IoU: 0.79276
[train: 1, 2 / 60000] FPS: 0.6 (8.9)  ,  DataTime: 0.016 (0.001)  ,  ForwardTime: 1.605  ,  TotalTime: 1.621  ,  Loss/total: 0.67712  ,  Loss/giou: 0.25881  ,  Loss/l1: 0.02044  ,  Loss/location: 0.05728  ,  IoU: 0.75691
[train: 1, 3 / 60000] FPS: 0.9 (8.8)  ,  DataTime: 0.016 (0.001)  ,  ForwardTime: 1.102  ,  TotalTime: 1.119  ,  Loss/total: 0.58736  ,  Loss/giou: 0.22668  ,  Loss/l1: 0.01739  ,  Loss/location: 0.04703  ,  IoU: 0.78455
[train: 1, 4 / 60000] FPS: 1.1 (7.0)  ,  DataTime: 0.024 (0.001)  ,  ForwardTime: 0.849  ,  TotalTime: 0.875  ,  Loss/total: 0.57607  ,  Loss/giou: 0.22622  ,  Loss/l1: 0.01695  ,  Loss/location: 0.03886  ,  IoU: 0.78220
[train: 1, 5 / 60000] FPS: 1.4 (8.7)  ,  DataTime: 0.023 (0.001)  ,  ForwardTime: 0.699  ,  TotalTime: 0.723  ,  Loss/total: 0.60211  ,  Loss/giou: 0.21946  ,  Loss/l1: 0.01699  ,  Loss/location: 0.07821  ,  IoU: 0.78826
[train: 1, 6 / 60000] FPS: 1.6 (7.0)  ,  DataTime: 0.027 (0.001)  ,  ForwardTime: 0.598  ,  TotalTime: 0.626  ,  Loss/total: 0.53231  ,  Loss/giou: 0.19328  ,  Loss/l1: 0.01475  ,  Loss/location: 0.07201  ,  IoU: 0.81316
[train: 1, 7 / 60000] FPS: 1.8 (8.4)  ,  DataTime: 0.027 (0.001)  ,  ForwardTime: 0.527  ,  TotalTime: 0.554  ,  Loss/total: 0.56940  ,  Loss/giou: 0.21118  ,  Loss/l1: 0.01651  ,  Loss/location: 0.06448  ,  IoU: 0.79574
[train: 1, 8 / 60000] FPS: 2.0 (7.4)  ,  DataTime: 0.029 (0.001)  ,  ForwardTime: 0.472  ,  TotalTime: 0.501  ,  Loss/total: 0.52405  ,  Loss/giou: 0.19383  ,  Loss/l1: 0.01534  ,  Loss/location: 0.05970  ,  IoU: 0.81240
[train: 1, 9 / 60000] FPS: 2.1 (5.2)  ,  DataTime: 0.032 (0.001)  ,  ForwardTime: 0.434  ,  TotalTime: 0.467  ,  Loss/total: 0.51761  ,  Loss/giou: 0.18695  ,  Loss/l1: 0.01488  ,  Loss/location: 0.06931  ,  IoU: 0.81905
[train: 1, 10 / 60000] FPS: 2.3 (9.1)  ,  DataTime: 0.030 (0.001)  ,  ForwardTime: 0.401  ,  TotalTime: 0.431  ,  Loss/total: 0.50850  ,  Loss/giou: 0.18298  ,  Loss/l1: 0.01447  ,  Loss/location: 0.07018  ,  IoU: 0.82268
[train: 1, 11 / 60000] FPS: 2.5 (9.2)  ,  DataTime: 0.028 (0.001)  ,  ForwardTime: 0.373  ,  TotalTime: 0.402  ,  Loss/total: 0.51939  ,  Loss/giou: 0.18854  ,  Loss/l1: 0.01476  ,  Loss/location: 0.06852  ,  IoU: 0.81667
[train: 1, 12 / 60000] FPS: 2.6 (9.0)  ,  DataTime: 0.027 (0.001)  ,  ForwardTime: 0.350  ,  TotalTime: 0.378  ,  Loss/total: 0.51303  ,  Loss/giou: 0.18795  ,  Loss/l1: 0.01472  ,  Loss/location: 0.06354  ,  IoU: 0.81714
[train: 1, 13 / 60000] FPS: 2.8 (9.1)  ,  DataTime: 0.026 (0.001)  ,  ForwardTime: 0.330  ,  TotalTime: 0.357  ,  Loss/total: 0.50778  ,  Loss/giou: 0.18792  ,  Loss/l1: 0.01465  ,  Loss/location: 0.05869  ,  IoU: 0.81705
[train: 1, 14 / 60000] FPS: 2.9 (8.5)  ,  DataTime: 0.025 (0.001)  ,  ForwardTime: 0.314  ,  TotalTime: 0.340  ,  Loss/total: 0.57475  ,  Loss/giou: 0.19648  ,  Loss/l1: 0.01485  ,  Loss/location: 0.10754  ,  IoU: 0.80839
[train: 1, 15 / 60000] FPS: 3.1 (6.5)  ,  DataTime: 0.027 (0.001)  ,  ForwardTime: 0.300  ,  TotalTime: 0.328  ,  Loss/total: 0.57821  ,  Loss/giou: 0.19730  ,  Loss/l1: 0.01470  ,  Loss/location: 0.11009  ,  IoU: 0.80753
[train: 1, 16 / 60000] FPS: 3.2 (9.2)  ,  DataTime: 0.026 (0.001)  ,  ForwardTime: 0.287  ,  TotalTime: 0.314  ,  Loss/total: 0.57890  ,  Loss/giou: 0.19841  ,  Loss/l1: 0.01497  ,  Loss/location: 0.10725  ,  IoU: 0.80656
[train: 1, 17 / 60000] FPS: 3.3 (5.7)  ,  DataTime: 0.029 (0.001)  ,  ForwardTime: 0.275  ,  TotalTime: 0.306  ,  Loss/total: 0.55203  ,  Loss/giou: 0.18972  ,  Loss/l1: 0.01432  ,  Loss/location: 0.10097  ,  IoU: 0.81496
[train: 1, 18 / 60000] FPS: 3.4 (7.6)  ,  DataTime: 0.028 (0.001)  ,  ForwardTime: 0.267  ,  TotalTime: 0.296  ,  Loss/total: 0.54476  ,  Loss/giou: 0.18874  ,  Loss/l1: 0.01431  ,  Loss/location: 0.09573  ,  IoU: 0.81582
[train: 1, 19 / 60000] FPS: 3.5 (9.1)  ,  DataTime: 0.027 (0.001)  ,  ForwardTime: 0.258  ,  TotalTime: 0.286  ,  Loss/total: 0.54667  ,  Loss/giou: 0.19014  ,  Loss/l1: 0.01427  ,  Loss/location: 0.09506  ,  IoU: 0.81451
[train: 1, 20 / 60000] FPS: 3.5 (5.1)  ,  DataTime: 0.029 (0.001)  ,  ForwardTime: 0.252  ,  TotalTime: 0.282  ,  Loss/total: 0.53455  ,  Loss/giou: 0.18416  ,  Loss/l1: 0.01380  ,  Loss/location: 0.09723  ,  IoU: 0.82028
[train: 1, 21 / 60000] FPS: 3.6 (8.4)  ,  DataTime: 0.029 (0.001)  ,  ForwardTime: 0.244  ,  TotalTime: 0.274  ,  Loss/total: 0.56656  ,  Loss/giou: 0.18685  ,  Loss/l1: 0.01383  ,  Loss/location: 0.12370  ,  IoU: 0.81791
[train: 1, 22 / 60000] FPS: 3.7 (7.1)  ,  DataTime: 0.029 (0.001)  ,  ForwardTime: 0.238  ,  TotalTime: 0.268  ,  Loss/total: 0.55079  ,  Loss/giou: 0.18267  ,  Loss/l1: 0.01347  ,  Loss/location: 0.11808  ,  IoU: 0.82195
[train: 1, 23 / 60000] FPS: 3.8 (7.3)  ,  DataTime: 0.029 (0.001)  ,  ForwardTime: 0.232  ,  TotalTime: 0.262  ,  Loss/total: 0.54030  ,  Loss/giou: 0.18022  ,  Loss/l1: 0.01322  ,  Loss/location: 0.11375  ,  IoU: 0.82423
[train: 1, 24 / 60000] FPS: 3.9 (8.5)  ,  DataTime: 0.029 (0.001)  ,  ForwardTime: 0.226  ,  TotalTime: 0.256  ,  Loss/total: 0.53094  ,  Loss/giou: 0.17817  ,  Loss/l1: 0.01307  ,  Loss/location: 0.10925  ,  IoU: 0.82623
[train: 1, 25 / 60000] FPS: 4.0 (6.8)  ,  DataTime: 0.030 (0.001)  ,  ForwardTime: 0.221  ,  TotalTime: 0.252  ,  Loss/total: 0.52081  ,  Loss/giou: 0.17585  ,  Loss/l1: 0.01284  ,  Loss/location: 0.10490  ,  IoU: 0.82852
[train: 1, 26 / 60000] FPS: 4.0 (7.1)  ,  DataTime: 0.031 (0.001)  ,  ForwardTime: 0.216  ,  TotalTime: 0.248  ,  Loss/total: 0.50752  ,  Loss/giou: 0.17093  ,  Loss/l1: 0.01249  ,  Loss/location: 0.10321  ,  IoU: 0.83329
[train: 1, 27 / 60000] FPS: 4.1 (8.3)  ,  DataTime: 0.030 (0.001)  ,  ForwardTime: 0.211  ,  TotalTime: 0.243  ,  Loss/total: 0.52572  ,  Loss/giou: 0.16587  ,  Loss/l1: 0.01212  ,  Loss/location: 0.13338  ,  IoU: 0.83819
[train: 1, 28 / 60000] FPS: 4.2 (6.7)  ,  DataTime: 0.031 (0.001)  ,  ForwardTime: 0.207  ,  TotalTime: 0.240  ,  Loss/total: 0.52084  ,  Loss/giou: 0.16581  ,  Loss/l1: 0.01212  ,  Loss/location: 0.12865  ,  IoU: 0.83812
[train: 1, 29 / 60000] FPS: 4.2 (4.5)  ,  DataTime: 0.032 (0.001)  ,  ForwardTime: 0.205  ,  TotalTime: 0.239  ,  Loss/total: 0.52273  ,  Loss/giou: 0.16562  ,  Loss/l1: 0.01204  ,  Loss/location: 0.13128  ,  IoU: 0.83821
[train: 1, 30 / 60000] FPS: 4.2 (6.0)  ,  DataTime: 0.032 (0.001)  ,  ForwardTime: 0.204  ,  TotalTime: 0.237  ,  Loss/total: 0.52841  ,  Loss/giou: 0.16325  ,  Loss/l1: 0.01187  ,  Loss/location: 0.14255  ,  IoU: 0.84048
[train: 1, 31 / 60000] FPS: 4.3 (6.6)  ,  DataTime: 0.032 (0.001)  ,  ForwardTime: 0.200  ,  TotalTime: 0.234  ,  Loss/total: 0.51941  ,  Loss/giou: 0.16128  ,  Loss/l1: 0.01178  ,  Loss/location: 0.13795  ,  IoU: 0.84237
[train: 1, 32 / 60000] FPS: 4.3 (7.7)  ,  DataTime: 0.032 (0.001)  ,  ForwardTime: 0.197  ,  TotalTime: 0.230  ,  Loss/total: 0.51000  ,  Loss/giou: 0.15916  ,  Loss/l1: 0.01159  ,  Loss/location: 0.13371  ,  IoU: 0.84442
[train: 1, 33 / 60000] FPS: 4.4 (9.1)  ,  DataTime: 0.032 (0.001)  ,  ForwardTime: 0.194  ,  TotalTime: 0.227  ,  Loss/total: 0.50547  ,  Loss/giou: 0.15663  ,  Loss/l1: 0.01137  ,  Loss/location: 0.13533  ,  IoU: 0.84685
[train: 1, 34 / 60000] FPS: 4.2 (1.6)  ,  DataTime: 0.047 (0.001)  ,  ForwardTime: 0.191  ,  TotalTime: 0.239  ,  Loss/total: 0.49946  ,  Loss/giou: 0.15578  ,  Loss/l1: 0.01131  ,  Loss/location: 0.13136  ,  IoU: 0.84769
[train: 1, 35 / 60000] FPS: 4.2 (3.5)  ,  DataTime: 0.051 (0.001)  ,  ForwardTime: 0.188  ,  TotalTime: 0.240  ,  Loss/total: 0.49222  ,  Loss/giou: 0.15420  ,  Loss/l1: 0.01118  ,  Loss/location: 0.12793  ,  IoU: 0.84921
[train: 1, 1 / 60000] FPS: 0.3 (0.3)  ,  DataTime: 0.017 (0.001)  ,  ForwardTime: 3.172  ,  TotalTime: 3.190  ,  Loss/total: 0.57302  ,  Loss/giou: 0.21243  ,  Loss/l1: 0.01408  ,  Loss/location: 0.07777  ,  IoU: 0.79276
[train: 1, 2 / 60000] FPS: 0.6 (9.2)  ,  DataTime: 0.016 (0.000)  ,  ForwardTime: 1.633  ,  TotalTime: 1.649  ,  Loss/total: 0.67712  ,  Loss/giou: 0.25881  ,  Loss/l1: 0.02044  ,  Loss/location: 0.05728  ,  IoU: 0.75691
[train: 1, 3 / 60000] FPS: 0.9 (9.3)  ,  DataTime: 0.016 (0.000)  ,  ForwardTime: 1.119  ,  TotalTime: 1.135  ,  Loss/total: 0.58736  ,  Loss/giou: 0.22668  ,  Loss/l1: 0.01739  ,  Loss/location: 0.04703  ,  IoU: 0.78455
[train: 1, 4 / 60000] FPS: 1.1 (6.8)  ,  DataTime: 0.026 (0.001)  ,  ForwardTime: 0.862  ,  TotalTime: 0.888  ,  Loss/total: 0.57607  ,  Loss/giou: 0.22622  ,  Loss/l1: 0.01695  ,  Loss/location: 0.03886  ,  IoU: 0.78220
[train: 1, 5 / 60000] FPS: 1.4 (8.0)  ,  DataTime: 0.023 (0.001)  ,  ForwardTime: 0.711  ,  TotalTime: 0.736  ,  Loss/total: 0.60211  ,  Loss/giou: 0.21946  ,  Loss/l1: 0.01699  ,  Loss/location: 0.07821  ,  IoU: 0.78826
[train: 1, 6 / 60000] FPS: 1.6 (6.9)  ,  DataTime: 0.027 (0.001)  ,  ForwardTime: 0.609  ,  TotalTime: 0.637  ,  Loss/total: 0.53231  ,  Loss/giou: 0.19328  ,  Loss/l1: 0.01475  ,  Loss/location: 0.07201  ,  IoU: 0.81316
[train: 1, 7 / 60000] FPS: 1.8 (8.1)  ,  DataTime: 0.026 (0.001)  ,  ForwardTime: 0.536  ,  TotalTime: 0.564  ,  Loss/total: 0.56940  ,  Loss/giou: 0.21118  ,  Loss/l1: 0.01651  ,  Loss/location: 0.06448  ,  IoU: 0.79574
[train: 1, 8 / 60000] FPS: 2.0 (6.7)  ,  DataTime: 0.028 (0.001)  ,  ForwardTime: 0.483  ,  TotalTime: 0.512  ,  Loss/total: 0.52405  ,  Loss/giou: 0.19383  ,  Loss/l1: 0.01534  ,  Loss/location: 0.05970  ,  IoU: 0.81240
[train: 1, 9 / 60000] FPS: 2.1 (6.3)  ,  DataTime: 0.031 (0.001)  ,  ForwardTime: 0.441  ,  TotalTime: 0.473  ,  Loss/total: 0.51761  ,  Loss/giou: 0.18695  ,  Loss/l1: 0.01488  ,  Loss/location: 0.06931  ,  IoU: 0.81905
[train: 1, 10 / 60000] FPS: 2.3 (9.0)  ,  DataTime: 0.029 (0.001)  ,  ForwardTime: 0.406  ,  TotalTime: 0.436  ,  Loss/total: 0.50850  ,  Loss/giou: 0.18298  ,  Loss/l1: 0.01447  ,  Loss/location: 0.07018  ,  IoU: 0.82268
[train: 1, 11 / 60000] FPS: 2.5 (8.1)  ,  DataTime: 0.028 (0.001)  ,  ForwardTime: 0.379  ,  TotalTime: 0.408  ,  Loss/total: 0.51939  ,  Loss/giou: 0.18854  ,  Loss/l1: 0.01476  ,  Loss/location: 0.06852  ,  IoU: 0.81667
[train: 1, 12 / 60000] FPS: 2.6 (7.5)  ,  DataTime: 0.026 (0.001)  ,  ForwardTime: 0.358  ,  TotalTime: 0.385  ,  Loss/total: 0.51303  ,  Loss/giou: 0.18795  ,  Loss/l1: 0.01472  ,  Loss/location: 0.06354  ,  IoU: 0.81714
[train: 1, 13 / 60000] FPS: 2.7 (8.5)  ,  DataTime: 0.025 (0.001)  ,  ForwardTime: 0.338  ,  TotalTime: 0.365  ,  Loss/total: 0.50778  ,  Loss/giou: 0.18792  ,  Loss/l1: 0.01465  ,  Loss/location: 0.05869  ,  IoU: 0.81705
[train: 1, 14 / 60000] FPS: 2.9 (9.0)  ,  DataTime: 0.024 (0.001)  ,  ForwardTime: 0.321  ,  TotalTime: 0.347  ,  Loss/total: 0.57475  ,  Loss/giou: 0.19648  ,  Loss/l1: 0.01485  ,  Loss/location: 0.10754  ,  IoU: 0.80839
[train: 1, 15 / 60000] FPS: 3.0 (6.8)  ,  DataTime: 0.026 (0.001)  ,  ForwardTime: 0.307  ,  TotalTime: 0.333  ,  Loss/total: 0.57821  ,  Loss/giou: 0.19730  ,  Loss/l1: 0.01470  ,  Loss/location: 0.11009  ,  IoU: 0.80753
[train: 1, 16 / 60000] FPS: 3.1 (8.9)  ,  DataTime: 0.025 (0.001)  ,  ForwardTime: 0.294  ,  TotalTime: 0.320  ,  Loss/total: 0.57890  ,  Loss/giou: 0.19841  ,  Loss/l1: 0.01497  ,  Loss/location: 0.10725  ,  IoU: 0.80656
[train: 1, 17 / 60000] FPS: 3.2 (5.1)  ,  DataTime: 0.028 (0.001)  ,  ForwardTime: 0.283  ,  TotalTime: 0.312  ,  Loss/total: 0.55203  ,  Loss/giou: 0.18972  ,  Loss/l1: 0.01432  ,  Loss/location: 0.10097  ,  IoU: 0.81496
[train: 1, 18 / 60000] FPS: 3.3 (8.7)  ,  DataTime: 0.027 (0.001)  ,  ForwardTime: 0.273  ,  TotalTime: 0.301  ,  Loss/total: 0.54476  ,  Loss/giou: 0.18874  ,  Loss/l1: 0.01431  ,  Loss/location: 0.09573  ,  IoU: 0.81582
[train: 1, 19 / 60000] FPS: 3.4 (9.4)  ,  DataTime: 0.026 (0.001)  ,  ForwardTime: 0.264  ,  TotalTime: 0.291  ,  Loss/total: 0.54667  ,  Loss/giou: 0.19014  ,  Loss/l1: 0.01427  ,  Loss/location: 0.09506  ,  IoU: 0.81451
[train: 1, 20 / 60000] FPS: 3.5 (5.4)  ,  DataTime: 0.028 (0.001)  ,  ForwardTime: 0.257  ,  TotalTime: 0.286  ,  Loss/total: 0.53455  ,  Loss/giou: 0.18416  ,  Loss/l1: 0.01380  ,  Loss/location: 0.09723  ,  IoU: 0.82028
